<?xml version="1.0" encoding="UTF-8"?>
<testng-results ignored="0" total="1" passed="1" failed="0" skipped="0">
  <reporter-output>
  </reporter-output>
  <suite started-at="2025-05-07T21:03:17 IST" name="Default suite" finished-at="2025-05-07T21:03:18 IST" duration-ms="1996">
    <groups>
    </groups>
    <test started-at="2025-05-07T21:03:17 IST" name="Default test" finished-at="2025-05-07T21:03:18 IST" duration-ms="1996">
      <class name="RequestResponseSpecification.ReqspecBuilderTest">
        <test-method signature="getUsersTest()[pri:0, instance:RequestResponseSpecification.ReqspecBuilderTest@33c911a1]" started-at="2025-05-07T21:03:17 IST" name="getUsersTest" finished-at="2025-05-07T21:03:18 IST" duration-ms="1916" status="PASS">
          <reporter-output>
          </reporter-output>
        </test-method> <!-- getUsersTest -->
      </class> <!-- RequestResponseSpecification.ReqspecBuilderTest -->
    </test> <!-- Default test -->
  </suite> <!-- Default suite -->
</testng-results>
